<?xml version="1.0" encoding="UTF-8"?>
<!-- Generated by org.testng.reporters.JUnitXMLReporter -->
<testsuite hostname="Ajith-PC" ignored="4" name="Test" tests="2" failures="0" timestamp="22 Apr 2019 08:14:48 GMT" time="0.044" errors="0">
  <testcase name="printA" time="0.009" classname="testngggggggggggggggggpackageeeeeee.PrintA"/>
  <testcase name="printB" time="0.002" classname="testngggggggggggggggggpackageeeeeee.PrintB"/>
  <testcase name="@BeforeSuite beforeSuite" time="0.0" classname="testngggggggggggggggggpackageeeeeee.BaseTestNGClass">
    <ignored/>
  </testcase> <!-- @BeforeSuite beforeSuite -->
  <testcase name="@BeforeTest beforeTest" time="0.0" classname="testngggggggggggggggggpackageeeeeee.BaseTestNGClass">
    <ignored/>
  </testcase> <!-- @BeforeTest beforeTest -->
  <testcase name="@AfterSuite afterSuite" time="0.0" classname="testngggggggggggggggggpackageeeeeee.BaseTestNGClass">
    <ignored/>
  </testcase> <!-- @AfterSuite afterSuite -->
  <testcase name="@AfterTest afterTest" time="0.0" classname="testngggggggggggggggggpackageeeeeee.BaseTestNGClass">
    <ignored/>
  </testcase> <!-- @AfterTest afterTest -->
</testsuite> <!-- Test -->
