<?xml version="1.0" encoding="UTF-8"?>
<testng-results skipped="0" failed="0" ignored="0" total="3" passed="3">
  <reporter-output>
  </reporter-output>
  <suite name="RegressionSuite_CrossPlatform" duration-ms="62857" started-at="2019-04-22T12:28:29Z" finished-at="2019-04-22T12:29:32Z">
    <groups>
    </groups>
    <test name="TestInWindows_ChromeBrowser" duration-ms="12523" started-at="2019-04-22T12:28:29Z" finished-at="2019-04-22T12:28:42Z">
      <class name="testngggggggggggggggggpackageeeeeee.CrossPlatformCompatiblityTestDemo">
        <test-method status="PASS" signature="runInMultipleOS(java.lang.String, java.lang.String)[pri:0, instance:testngggggggggggggggggpackageeeeeee.CrossPlatformCompatiblityTestDemo@2a742aa2]" name="runInMultipleOS" duration-ms="12495" started-at="2019-04-22T12:28:30Z" finished-at="2019-04-22T12:28:42Z">
          <params>
            <param index="0">
              <value>
                <![CDATA[http://localhost:4444/wd/hub]]>
              </value>
            </param>
            <param index="1">
              <value>
                <![CDATA[chrome]]>
              </value>
            </param>
          </params>
          <reporter-output>
          </reporter-output>
        </test-method> <!-- runInMultipleOS -->
      </class> <!-- testngggggggggggggggggpackageeeeeee.CrossPlatformCompatiblityTestDemo -->
    </test> <!-- TestInWindows_ChromeBrowser -->
    <test name="TestInWindows_FirefoxBrowser" duration-ms="13744" started-at="2019-04-22T12:28:29Z" finished-at="2019-04-22T12:28:43Z">
      <class name="testngggggggggggggggggpackageeeeeee.CrossPlatformCompatiblityTestDemo">
        <test-method status="PASS" signature="runInMultipleOS(java.lang.String, java.lang.String)[pri:0, instance:testngggggggggggggggggpackageeeeeee.CrossPlatformCompatiblityTestDemo@27a8c74e]" name="runInMultipleOS" duration-ms="13718" started-at="2019-04-22T12:28:30Z" finished-at="2019-04-22T12:28:43Z">
          <params>
            <param index="0">
              <value>
                <![CDATA[http://localhost:4444/wd/hub]]>
              </value>
            </param>
            <param index="1">
              <value>
                <![CDATA[firefox]]>
              </value>
            </param>
          </params>
          <reporter-output>
          </reporter-output>
        </test-method> <!-- runInMultipleOS -->
      </class> <!-- testngggggggggggggggggpackageeeeeee.CrossPlatformCompatiblityTestDemo -->
    </test> <!-- TestInWindows_FirefoxBrowser -->
    <test name="TestInWindows_IEBrowser" duration-ms="62857" started-at="2019-04-22T12:28:29Z" finished-at="2019-04-22T12:29:32Z">
      <class name="testngggggggggggggggggpackageeeeeee.CrossPlatformCompatiblityTestDemo">
        <test-method status="PASS" signature="runInMultipleOS(java.lang.String, java.lang.String)[pri:0, instance:testngggggggggggggggggpackageeeeeee.CrossPlatformCompatiblityTestDemo@307f6b8c]" name="runInMultipleOS" duration-ms="62825" started-at="2019-04-22T12:28:30Z" finished-at="2019-04-22T12:29:32Z">
          <params>
            <param index="0">
              <value>
                <![CDATA[http://localhost:4444/wd/hub]]>
              </value>
            </param>
            <param index="1">
              <value>
                <![CDATA[internet explorer]]>
              </value>
            </param>
          </params>
          <reporter-output>
          </reporter-output>
        </test-method> <!-- runInMultipleOS -->
      </class> <!-- testngggggggggggggggggpackageeeeeee.CrossPlatformCompatiblityTestDemo -->
    </test> <!-- TestInWindows_IEBrowser -->
  </suite> <!-- RegressionSuite_CrossPlatform -->
</testng-results>
